This file contains any messages produced by compilers while
running configure, to aid debugging if configure makes a mistake.

It was created by configure, which was
generated by GNU Autoconf 2.71.  Invocation command line was

  $ ./configure

## --------- ##
## Platform. ##
## --------- ##

hostname = Michaels-MacBook-Pro.local
uname -m = arm64
uname -r = 23.4.0
uname -s = Darwin
uname -v = Darwin Kernel Version 23.4.0: Wed Feb 21 21:45:49 PST 2024; root:xnu-10063.101.15~2/RELEASE_ARM64_T6020

/usr/bin/uname -p = arm
/bin/uname -X     = unknown

/bin/arch              = unknown
/usr/bin/arch -k       = unknown
/usr/convex/getsysinfo = unknown
/usr/bin/hostinfo      = Mach kernel version:
	 Darwin Kernel Version 23.4.0: Wed Feb 21 21:45:49 PST 2024; root:xnu-10063.101.15~2/RELEASE_ARM64_T6020
Kernel configured for up to 12 processors.
12 processors are physically available.
12 processors are logically available.
Processor type: arm64e (ARM64E)
Processors active: 0 1 2 3 4 5 6 7 8 9 10 11
Primary memory available: 64.00 gigabytes
Default processor set: 930 tasks, 4742 threads, 12 processors
Load average: 1.58, Mach factor: 10.40
/bin/machine           = unknown
/usr/bin/oslevel       = unknown
/bin/universe          = unknown

PATH: /Users/fitz/.iraf/bin/
PATH: /opt/sw/anaconda3/bin/
PATH: /opt/homebrew/bin/
PATH: /usr/local/bin/
PATH: /System/Cryptexes/App/usr/bin/
PATH: /usr/bin/
PATH: /bin/
PATH: /usr/sbin/
PATH: /sbin/
PATH: /var/run/com.apple.security.cryptexd/codex.system/bootstrap/usr/local/bin/
PATH: /var/run/com.apple.security.cryptexd/codex.system/bootstrap/usr/bin/
PATH: /var/run/com.apple.security.cryptexd/codex.system/bootstrap/usr/appleinternal/bin/
PATH: /opt/X11/bin/
PATH: /Library/Apple/usr/bin/
PATH: /Library/TeX/texbin/


## ----------- ##
## Core tests. ##
## ----------- ##

configure:2300: looking for aux files: config.guess config.sub
configure:2313:  trying ./
configure:2342:   ./config.guess found
configure:2342:   ./config.sub found
configure:2461: checking build system type
configure:2476: result: aarch64-apple-darwin23.4.0
configure:2496: checking host system type
configure:2510: result: aarch64-apple-darwin23.4.0
configure:2530: checking target system type
configure:2544: result: aarch64-apple-darwin23.4.0
configure:2812: checking for gcc
configure:2844: result: gcc
configure:3197: checking for C compiler version
configure:3206: gcc --version >&5
Apple clang version 15.0.0 (clang-1500.3.9.4)
Target: arm64-apple-darwin23.4.0
Thread model: posix
InstalledDir: /Applications/Xcode.app/Contents/Developer/Toolchains/XcodeDefault.xctoolchain/usr/bin
configure:3217: $? = 0
configure:3206: gcc -v >&5
Apple clang version 15.0.0 (clang-1500.3.9.4)
Target: arm64-apple-darwin23.4.0
Thread model: posix
InstalledDir: /Applications/Xcode.app/Contents/Developer/Toolchains/XcodeDefault.xctoolchain/usr/bin
configure:3217: $? = 0
configure:3206: gcc -V >&5
clang: error: argument to '-V' is missing (expected 1 value)
clang: error: no input files
configure:3217: $? = 1
configure:3206: gcc -qversion >&5
clang: error: unknown argument '-qversion'; did you mean '--version'?
clang: error: no input files
configure:3217: $? = 1
configure:3206: gcc -version >&5
clang: error: unknown argument '-version'; did you mean '--version'?
clang: error: no input files
configure:3217: $? = 1
configure:3237: checking whether the C compiler works
configure:3259: gcc    conftest.c  >&5
configure:3263: $? = 0
configure:3313: result: yes
configure:3316: checking for C compiler default output file name
configure:3318: result: a.out
configure:3324: checking for suffix of executables
configure:3331: gcc -o conftest    conftest.c  >&5
configure:3335: $? = 0
configure:3358: result: 
configure:3380: checking whether we are cross compiling
configure:3388: gcc -o conftest    conftest.c  >&5
configure:3392: $? = 0
configure:3399: ./conftest
configure:3403: $? = 0
configure:3418: result: no
configure:3423: checking for suffix of object files
configure:3446: gcc -c   conftest.c >&5
configure:3450: $? = 0
configure:3472: result: o
configure:3476: checking whether the compiler supports GNU C
configure:3496: gcc -c   conftest.c >&5
configure:3496: $? = 0
configure:3506: result: yes
configure:3517: checking whether gcc accepts -g
configure:3538: gcc -c -g  conftest.c >&5
configure:3538: $? = 0
configure:3582: result: yes
configure:3602: checking for gcc option to enable C11 features
configure:3617: gcc  -c -g -O2  conftest.c >&5
conftest.c:23:14: warning: a function definition without a prototype is deprecated in all versions of C and is not supported in C2x [-Wdeprecated-non-prototype]
static char *e (p, i)
             ^
1 warning generated.
configure:3617: $? = 0
configure:3635: result: none needed
configure:3817: checking for stdio.h
configure:3817: gcc -c -g -O2  conftest.c >&5
configure:3817: $? = 0
configure:3817: result: yes
configure:3817: checking for stdlib.h
configure:3817: gcc -c -g -O2  conftest.c >&5
configure:3817: $? = 0
configure:3817: result: yes
configure:3817: checking for string.h
configure:3817: gcc -c -g -O2  conftest.c >&5
configure:3817: $? = 0
configure:3817: result: yes
configure:3817: checking for inttypes.h
configure:3817: gcc -c -g -O2  conftest.c >&5
configure:3817: $? = 0
configure:3817: result: yes
configure:3817: checking for stdint.h
configure:3817: gcc -c -g -O2  conftest.c >&5
configure:3817: $? = 0
configure:3817: result: yes
configure:3817: checking for strings.h
configure:3817: gcc -c -g -O2  conftest.c >&5
configure:3817: $? = 0
configure:3817: result: yes
configure:3817: checking for sys/stat.h
configure:3817: gcc -c -g -O2  conftest.c >&5
configure:3817: $? = 0
configure:3817: result: yes
configure:3817: checking for sys/types.h
configure:3817: gcc -c -g -O2  conftest.c >&5
configure:3817: $? = 0
configure:3817: result: yes
configure:3817: checking for unistd.h
configure:3817: gcc -c -g -O2  conftest.c >&5
configure:3817: $? = 0
configure:3817: result: yes
configure:4012: checking for gfortran
configure:4033: found /opt/homebrew/bin/gfortran
configure:4044: result: gfortran
configure:4089: checking for ar
configure:4110: found /opt/sw/anaconda3/bin/ar
configure:4122: result: ar
configure:4184: checking for ranlib
configure:4216: result: ranlib
configure:4242: checking for stdlib.h
configure:4242: result: yes
configure:4242: checking for string.h
configure:4242: result: yes
configure:4242: checking for math.h
configure:4242: gcc -c -g -O2  conftest.c >&5
configure:4242: $? = 0
configure:4242: result: yes
configure:4242: checking for limits.h
configure:4242: gcc -c -g -O2  conftest.c >&5
configure:4242: $? = 0
configure:4242: result: yes
configure:4265: gcc -c -g -O2  conftest.c >&5
configure:4265: $? = 0
configure:4607: checking for curl-config
configure:4630: found /usr/bin/curl-config
configure:4642: result: /usr/bin/curl-config
configure:4685: checking for inflateEnd in -lz
configure:4708: gcc -o conftest -g -O2 -Dg77Fortran -fPIC -fno-common  -g -O2 conftest.c -lz   >&5
configure:4708: $? = 0
configure:4718: result: yes
configure:4749: checking whether ftruncate works
configure:4765: gcc -o conftest -g -O2 -Dg77Fortran -fPIC -fno-common  -g -O2 conftest.c -lz  >&5
configure:4765: $? = 0
configure:4770: result: yes
configure:4784: checking whether long long is defined
configure:4800: gcc -c -g -O2 -Dg77Fortran -fPIC -fno-common  conftest.c >&5
configure:4800: $? = 0
configure:4805: result: yes
configure:4826: checking whether system V style IPC services are supported
configure:4847: gcc -o conftest -g -O2 -Dg77Fortran -fPIC -fno-common  -g -O2 conftest.c -lz  >&5
configure:4847: $? = 0
configure:4853: result: yes
configure:4869: checking whether flock_t is defined in sys/fcntl.h
configure:4885: gcc -c -g -O2 -Dg77Fortran -fPIC -fno-common  conftest.c >&5
conftest.c:36:1: error: use of undeclared identifier 'flock_t'; did you mean 'flock'?
flock_t filler;
^~~~~~~
flock
/Applications/Xcode.app/Contents/Developer/Platforms/MacOSX.platform/Developer/SDKs/MacOSX.sdk/usr/include/sys/fcntl.h:614:9: note: 'flock' declared here
int     flock(int, int);
        ^
conftest.c:36:1: error: must use 'struct' tag to refer to type 'flock'
flock_t filler;
^
struct 
/Applications/Xcode.app/Contents/Developer/Platforms/MacOSX.platform/Developer/SDKs/MacOSX.sdk/usr/include/sys/fcntl.h:614:9: note: struct 'flock' is hidden by a non-type declaration of 'flock' here
int     flock(int, int);
        ^
2 errors generated.
configure:4885: $? = 1
configure: failed program was:
| /* confdefs.h */
| #define PACKAGE_NAME ""
| #define PACKAGE_TARNAME ""
| #define PACKAGE_VERSION ""
| #define PACKAGE_STRING ""
| #define PACKAGE_BUGREPORT ""
| #define PACKAGE_URL ""
| #define HAVE_STDIO_H 1
| #define HAVE_STDLIB_H 1
| #define HAVE_STRING_H 1
| #define HAVE_INTTYPES_H 1
| #define HAVE_STDINT_H 1
| #define HAVE_STRINGS_H 1
| #define HAVE_SYS_STAT_H 1
| #define HAVE_SYS_TYPES_H 1
| #define HAVE_UNISTD_H 1
| #define STDC_HEADERS 1
| #define HAVE_STDLIB_H 1
| #define HAVE_STRING_H 1
| #define HAVE_MATH_H 1
| #define HAVE_LIMITS_H 1
| #define _LARGEFILE_SOURCE 1
| #define _FILE_OFFSET_BITS 64
| #define CFITSIO_HAVE_CURL 1
| #define HAVE_LIBZ 1
| #define HAVE_FTRUNCATE 1
| #define HAVE_LONGLONG 1
| #define HAVE_SHMEM_SERVICES 1
| /* end confdefs.h.  */
| #include <sys/fcntl.h>
| 
| int
| main (void)
| {
| 
| flock_t filler;
| 
|   ;
|   return 0;
| }
configure:4894: result: no
configure:4900: checking whether flock_t is defined in sys/flock.h
configure:4916: gcc -c -g -O2 -Dg77Fortran -fPIC -fno-common  conftest.c >&5
conftest.c:30:10: fatal error: 'sys/flock.h' file not found
#include <sys/flock.h>
         ^~~~~~~~~~~~~
1 error generated.
configure:4916: $? = 1
configure: failed program was:
| /* confdefs.h */
| #define PACKAGE_NAME ""
| #define PACKAGE_TARNAME ""
| #define PACKAGE_VERSION ""
| #define PACKAGE_STRING ""
| #define PACKAGE_BUGREPORT ""
| #define PACKAGE_URL ""
| #define HAVE_STDIO_H 1
| #define HAVE_STDLIB_H 1
| #define HAVE_STRING_H 1
| #define HAVE_INTTYPES_H 1
| #define HAVE_STDINT_H 1
| #define HAVE_STRINGS_H 1
| #define HAVE_SYS_STAT_H 1
| #define HAVE_SYS_TYPES_H 1
| #define HAVE_UNISTD_H 1
| #define STDC_HEADERS 1
| #define HAVE_STDLIB_H 1
| #define HAVE_STRING_H 1
| #define HAVE_MATH_H 1
| #define HAVE_LIMITS_H 1
| #define _LARGEFILE_SOURCE 1
| #define _FILE_OFFSET_BITS 64
| #define CFITSIO_HAVE_CURL 1
| #define HAVE_LIBZ 1
| #define HAVE_FTRUNCATE 1
| #define HAVE_LONGLONG 1
| #define HAVE_SHMEM_SERVICES 1
| /* end confdefs.h.  */
| #include <sys/flock.h>
| 
| int
| main (void)
| {
| 
|    flock_t filler;
| 
|   ;
|   return 0;
| }
configure:4925: result: no
configure:4994: checking whether union semun is defined
configure:5012: gcc -c -g -O2 -Dg77Fortran -fPIC -fno-common  conftest.c >&5
configure:5012: $? = 0
configure:5017: result: yes
configure:5030: checking for fmemopen
configure:5030: gcc -o conftest -g -O2 -Dg77Fortran -fPIC -fno-common  -g -O2 conftest.c -lz  >&5
configure:5030: $? = 0
configure:5030: result: yes
configure:5044: checking for library containing gethostbyname
configure:5074: gcc -o conftest -g -O2 -Dg77Fortran -fPIC -fno-common  -g -O2 conftest.c -lz  >&5
configure:5074: $? = 0
configure:5094: result: none required
configure:5105: checking for library containing connect
configure:5135: gcc -o conftest -g -O2 -Dg77Fortran -fPIC -fno-common  -g -O2 conftest.c -lz  >&5
configure:5135: $? = 0
configure:5155: result: none required
configure:5326: creating ./config.status

## ---------------------- ##
## Running config.status. ##
## ---------------------- ##

This file was extended by config.status, which was
generated by GNU Autoconf 2.71.  Invocation command line was

  CONFIG_FILES    = 
  CONFIG_HEADERS  = 
  CONFIG_LINKS    = 
  CONFIG_COMMANDS = 
  $ ./config.status 

on Michaels-MacBook-Pro.local

config.status:751: creating Makefile
configure:6478: creating ./config.status

## ---------------------- ##
## Running config.status. ##
## ---------------------- ##

This file was extended by config.status, which was
generated by GNU Autoconf 2.71.  Invocation command line was

  CONFIG_FILES    = 
  CONFIG_HEADERS  = 
  CONFIG_LINKS    = 
  CONFIG_COMMANDS = 
  $ ./config.status 

on Michaels-MacBook-Pro.local

config.status:752: creating Makefile
config.status:752: creating cfitsio.pc
configure:7481: result: 
configure:7483: result:     Congratulations, Makefile update was successful.
configure:7485: result:     You may want to run make now.
configure:7487: result: 

## ---------------- ##
## Cache variables. ##
## ---------------- ##

ac_cv_build=aarch64-apple-darwin23.4.0
ac_cv_c_compiler_gnu=yes
ac_cv_env_CC_set=set
ac_cv_env_CC_value=gcc
ac_cv_env_CFLAGS_set=
ac_cv_env_CFLAGS_value=
ac_cv_env_CPPFLAGS_set=
ac_cv_env_CPPFLAGS_value=
ac_cv_env_LDFLAGS_set=
ac_cv_env_LDFLAGS_value=
ac_cv_env_LIBS_set=
ac_cv_env_LIBS_value=
ac_cv_env_build_alias_set=
ac_cv_env_build_alias_value=
ac_cv_env_host_alias_set=
ac_cv_env_host_alias_value=
ac_cv_env_target_alias_set=
ac_cv_env_target_alias_value=
ac_cv_func_fmemopen=yes
ac_cv_header_inttypes_h=yes
ac_cv_header_limits_h=yes
ac_cv_header_math_h=yes
ac_cv_header_stdint_h=yes
ac_cv_header_stdio_h=yes
ac_cv_header_stdlib_h=yes
ac_cv_header_string_h=yes
ac_cv_header_strings_h=yes
ac_cv_header_sys_stat_h=yes
ac_cv_header_sys_types_h=yes
ac_cv_header_unistd_h=yes
ac_cv_host=aarch64-apple-darwin23.4.0
ac_cv_lib_z_inflateEnd=yes
ac_cv_objext=o
ac_cv_path_CURLCONFIG=/usr/bin/curl-config
ac_cv_prog_AR=ar
ac_cv_prog_FC=gfortran
ac_cv_prog_ac_ct_CC=gcc
ac_cv_prog_ac_ct_RANLIB=ranlib
ac_cv_prog_cc_c11=
ac_cv_prog_cc_g=yes
ac_cv_prog_cc_stdc=
ac_cv_search_connect='none required'
ac_cv_search_gethostbyname='none required'
ac_cv_target=aarch64-apple-darwin23.4.0

## ----------------- ##
## Output variables. ##
## ----------------- ##

AR='ar'
ARCH='arm'
ARCHIVE='ar rv'
CC='gcc'
CFITSIO_MAJOR='4'
CFITSIO_MICRO='0'
CFITSIO_MINOR='4'
CFITSIO_SHLIB='lib${PACKAGE}.${CFITSIO_SONAME}.${CFITSIO_MAJOR}.${CFITSIO_MINOR}.${CFITSIO_MICRO}${SHLIB_SUFFIX}'
CFITSIO_SHLIB_SONAME='lib${PACKAGE}.${CFITSIO_SONAME}${SHLIB_SUFFIX}'
CFITSIO_SONAME='10'
CFLAGS='-g -O2 -Dg77Fortran -fPIC -fno-common'
CPPFLAGS=''
CURLCONFIG='/usr/bin/curl-config'
DEFS='-DPACKAGE_NAME=\"\" -DPACKAGE_TARNAME=\"\" -DPACKAGE_VERSION=\"\" -DPACKAGE_STRING=\"\" -DPACKAGE_BUGREPORT=\"\" -DPACKAGE_URL=\"\" -DHAVE_STDIO_H=1 -DHAVE_STDLIB_H=1 -DHAVE_STRING_H=1 -DHAVE_INTTYPES_H=1 -DHAVE_STDINT_H=1 -DHAVE_STRINGS_H=1 -DHAVE_SYS_STAT_H=1 -DHAVE_SYS_TYPES_H=1 -DHAVE_UNISTD_H=1 -DSTDC_HEADERS=1 -DHAVE_STDLIB_H=1 -DHAVE_STRING_H=1 -DHAVE_MATH_H=1 -DHAVE_LIMITS_H=1 -D_LARGEFILE_SOURCE=1 -D_FILE_OFFSET_BITS=64 -DCFITSIO_HAVE_CURL=1 -DHAVE_LIBZ=1 -DHAVE_FTRUNCATE=1 -DHAVE_LONGLONG=1 -DHAVE_SHMEM_SERVICES=1 -DHAVE_UNION_SEMUN=1 -DHAVE_FMEMOPEN=1 -DHAVE_NET_SERVICES=1'
ECHO_C='\c'
ECHO_N=''
ECHO_T=''
EXEEXT=''
F77_WRAPPERS='${FITSIO_SRC}'
FC='gfortran'
GCCVERSION='15.0.0'
GSIFTP_SRC=''
INSTALL_ROOT='${prefix}'
LDFLAGS='-g -O2'
LDFLAGS_BIN='-g -O2 -Wl,-rpath,${CFITSIO_LIB}'
LIBOBJS=''
LIBPRE=''
LIBS='-lz '
LIBS_CURL='-lcurl'
LTLIBOBJS=''
OBJEXT='o'
PACKAGE_BUGREPORT=''
PACKAGE_NAME=''
PACKAGE_STRING=''
PACKAGE_TARNAME=''
PACKAGE_URL=''
PACKAGE_VERSION=''
PATH_SEPARATOR=':'
RANLIB='ranlib'
SHELL='/bin/sh'
SHLIB_LD='gcc -dynamiclib  -headerpad_max_install_names -install_name @rpath/lib${PACKAGE}.${CFITSIO_SONAME}${SHLIB_SUFFIX} -compatibility_version ${CFITSIO_SONAME} -current_version ${CFITSIO_SONAME}.${CFITSIO_MAJOR}.${CFITSIO_MINOR}.${CFITSIO_MICRO}'
SHLIB_SUFFIX='.dylib'
SSE_FLAGS=''
ac_ct_CC='gcc'
bindir='${exec_prefix}/bin'
build='aarch64-apple-darwin23.4.0'
build_alias=''
build_cpu='aarch64'
build_os='darwin23.4.0'
build_vendor='apple'
datadir='${datarootdir}'
datarootdir='${prefix}/share'
docdir='${datarootdir}/doc/${PACKAGE}'
dvidir='${docdir}'
exec_prefix='${prefix}'
host='aarch64-apple-darwin23.4.0'
host_alias=''
host_cpu='aarch64'
host_os='darwin23.4.0'
host_vendor='apple'
htmldir='${docdir}'
includedir='${prefix}/include'
infodir='${datarootdir}/info'
libdir='${exec_prefix}/lib'
libexecdir='${exec_prefix}/libexec'
localedir='${datarootdir}/locale'
localstatedir='${prefix}/var'
mandir='${datarootdir}/man'
my_shmem='${SOURCES_SHMEM}'
oldincludedir='/usr/include'
pdfdir='${docdir}'
prefix='/Users/fitz/cfitsio-4.4.0'
program_transform_name='s,x,x,'
psdir='${docdir}'
runstatedir='${localstatedir}/run'
sbindir='${exec_prefix}/sbin'
sharedstatedir='${prefix}/com'
sysconfdir='${prefix}/etc'
target='aarch64-apple-darwin23.4.0'
target_alias=''
target_cpu='aarch64'
target_os='darwin23.4.0'
target_vendor='apple'

## ----------- ##
## confdefs.h. ##
## ----------- ##

/* confdefs.h */
#define PACKAGE_NAME ""
#define PACKAGE_TARNAME ""
#define PACKAGE_VERSION ""
#define PACKAGE_STRING ""
#define PACKAGE_BUGREPORT ""
#define PACKAGE_URL ""
#define HAVE_STDIO_H 1
#define HAVE_STDLIB_H 1
#define HAVE_STRING_H 1
#define HAVE_INTTYPES_H 1
#define HAVE_STDINT_H 1
#define HAVE_STRINGS_H 1
#define HAVE_SYS_STAT_H 1
#define HAVE_SYS_TYPES_H 1
#define HAVE_UNISTD_H 1
#define STDC_HEADERS 1
#define HAVE_STDLIB_H 1
#define HAVE_STRING_H 1
#define HAVE_MATH_H 1
#define HAVE_LIMITS_H 1
#define _LARGEFILE_SOURCE 1
#define _FILE_OFFSET_BITS 64
#define CFITSIO_HAVE_CURL 1
#define HAVE_LIBZ 1
#define HAVE_FTRUNCATE 1
#define HAVE_LONGLONG 1
#define HAVE_SHMEM_SERVICES 1
#define HAVE_UNION_SEMUN 1
#define HAVE_FMEMOPEN 1
#define HAVE_NET_SERVICES 1

configure: exit 0
